<?xml version="1.0" encoding="utf-8"?><testsuites name="pytest tests"><testsuite name="pytest" errors="0" failures="0" skipped="0" tests="94" time="67.366" timestamp="2026-09-24T20:09:42.134384+00:00" hostname="b270f4525970"><testcase classname="tests.test_distribution" name="test_reusable_policy_templates_validate[bugfix.v1]" time="0.001" /><testcase classname="tests.test_distribution" name="test_reusable_policy_templates_validate[feature.v1]" time="0.001" /><testcase classname="tests.test_distribution" name="test_reusable_policy_templates_validate[maintenance.v1]" time="0.000" /><testcase classname="tests.test_distribution" name="test_example_worker_requires_explicit_execution_consent" time="0.004" /><testcase classname="tests.test_distribution" name="test_production_never_silently_falls_back_to_demo" time="0.000" /><testcase classname="tests.test_distribution" name="test_distribution_documents_and_static_assets_exist" time="0.001" /><testcase classname="tests.test_distribution" name="test_serve_refuses_demo_mode_even_with_ambient_demo_flag" time="2.162" /><testcase classname="tests.test_governance" name="test_offline_auth_and_csrf" time="0.144" /><testcase classname="tests.test_governance" name="test_readiness_verified_access_and_label_rules" time="0.096" /><testcase classname="tests.test_governance" name="test_manual_consent_before_execution_and_no_device_approval" time="0.106" /><testcase classname="tests.test_governance" name="test_declining_work_does_not_immediately_reallocate_it" time="0.141" /><testcase classname="tests.test_governance" name="test_atomic_allocation_across_concurrent_workers" time="0.270" /><testcase classname="tests.test_governance" name="test_local_allowlist_and_preferred_labels" time="0.113" /><testcase classname="tests.test_governance" name="test_one_active_allocation_per_person_across_devices" time="0.095" /><testcase classname="tests.test_governance" name="test_budget_reservation_and_unknown_usage_conservative_accounting" time="0.135" /><testcase classname="tests.test_governance" name="test_unaccepted_offer_costs_no_consumption" time="0.096" /><testcase classname="tests.test_governance" name="test_token_cap_blocks_process_and_usage_cannot_decrease" time="0.097" /><testcase classname="tests.test_governance" name="test_phase_skips_and_cross_device_updates_rejected" time="0.103" /><testcase classname="tests.test_governance" name="test_policy_change_revokes_worker_and_revalidation_required" time="0.124" /><testcase classname="tests.test_governance" name="test_owner_role_cannot_be_demoted_and_contributor_cannot_self_verify" time="0.077" /><testcase classname="tests.test_governance" name="test_private_project_is_not_visible_without_membership" time="0.087" /><testcase classname="tests.test_governance" name="test_device_pause_and_revoke_fail_closed" time="0.110" /><testcase classname="tests.test_governance" name="test_openapi_and_health_are_available" time="0.229" /><testcase classname="tests.test_handover" name="test_dibs_require_twelve_full_hours" time="0.125" /><testcase classname="tests.test_handover" name="test_heartbeat_cannot_silently_cancel_a_dib" time="0.107" /><testcase classname="tests.test_handover" name="test_reassignment_at_deadline_fences_old_owner_and_keeps_checkpoint" time="0.131" /><testcase classname="tests.test_handover" name="test_no_automatic_reassignment_without_dibs" time="0.104" /><testcase classname="tests.test_integrations" name="test_webhook_signature_delivery_replay_and_validation_gate" time="0.074" /><testcase classname="tests.test_integrations" name="test_webhook_checks_exact_installation_and_repository" time="0.052" /><testcase classname="tests.test_integrations" name="test_changed_or_closed_issue_revokes_active_worker[edited]" time="0.098" /><testcase classname="tests.test_integrations" name="test_changed_or_closed_issue_revokes_active_worker[closed]" time="0.106" /><testcase classname="tests.test_integrations" name="test_changed_or_closed_issue_revokes_active_worker[deleted]" time="0.103" /><testcase classname="tests.test_integrations" name="test_installation_removal_disables_project_and_execution" time="0.118" /><testcase classname="tests.test_integrations" name="test_github_comment_validation_requires_registered_triager" time="0.150" /><testcase classname="tests.test_integrations" name="test_ready_label_requires_verified_github_permission" time="0.057" /><testcase classname="tests.test_integrations" name="test_oauth_state_cookie_single_use_and_encrypted_session" time="0.089" /><testcase classname="tests.test_integrations" name="test_checkpoint_cannot_name_another_lease_branch" time="0.095" /><testcase classname="tests.test_integrations" name="test_outbox_retries_and_reconciles_without_claim_duplication" time="0.121" /><testcase classname="tests.test_integrations" name="test_github_publish_is_draft_sha_frozen_and_idempotent" time="0.040" /><testcase classname="tests.test_integrations" name="test_github_checkpoint_is_verified_against_fork_network_and_remote_sha" time="0.070" /><testcase classname="tests.test_integrations" name="test_large_body_is_rejected_before_parsing" time="0.042" /><testcase classname="tests.test_interactive" name="test_interactive_adapter_is_a_native_tui_not_print_mode[claude]" time="0.000" /><testcase classname="tests.test_interactive" name="test_interactive_adapter_is_a_native_tui_not_print_mode[codex]" time="0.000" /><testcase classname="tests.test_interactive" name="test_interactive_adapter_is_a_native_tui_not_print_mode[copilot]" time="0.000" /><testcase classname="tests.test_interactive" name="test_invalid_execution_mode_is_rejected" time="0.000" /><testcase classname="tests.test_interactive" name="test_noninteractive_remains_explicitly_available[claude]" time="0.000" /><testcase classname="tests.test_interactive" name="test_noninteractive_remains_explicitly_available[codex]" time="0.000" /><testcase classname="tests.test_interactive" name="test_noninteractive_remains_explicitly_available[copilot]" time="0.000" /><testcase classname="tests.test_interactive" name="test_interactive_environment_keeps_terminal_and_not_ci" time="0.000" /><testcase classname="tests.test_interactive" name="test_native_login_refuses_explicit_provider_credentials" time="0.000" /><testcase classname="tests.test_interactive" name="test_explicit_provider_credentials_require_opt_in" time="0.000" /><testcase classname="tests.test_interactive" name="test_ambient_api_credentials_are_not_inherited" time="0.000" /><testcase classname="tests.test_interactive" name="test_interactive_requires_a_terminal_not_a_silent_fallback" time="0.000" /><testcase classname="tests.test_interactive" name="test_real_pty_input_output_controlling_tty_and_restoration" time="1.452" /><testcase classname="tests.test_interactive" name="test_real_pty_idle_watchdog_and_terminal_cleanup" time="0.306" /><testcase classname="tests.test_interactive" name="test_real_pty_heartbeat_failure_cancels_child" time="0.053" /><testcase classname="tests.test_interactive" name="test_ctrl_bracket_stops_the_entire_allocation" time="1.536" /><testcase classname="tests.test_interactive" name="test_invalid_worker_execution_settings_are_rejected[execution_mode-headless-ish]" time="0.002" /><testcase classname="tests.test_interactive" name="test_invalid_worker_execution_settings_are_rejected[credential_policy-free_forever]" time="0.001" /><testcase classname="tests.test_interactive" name="test_invalid_worker_execution_settings_are_rejected[interactive_idle_seconds-0]" time="0.001" /><testcase classname="tests.test_interactive" name="test_invalid_worker_execution_settings_are_rejected[harness_env-ANTHROPIC_API_KEY]" time="0.001" /><testcase classname="tests.test_interactive" name="test_noninteractive_environment_remains_noninteractive" time="0.000" /><testcase classname="tests.test_interactive" name="test_interactive_worker_checks_terminal_before_polling" time="0.109" /><testcase classname="tests.test_interactive" name="test_interactive_worker_full_workflow_using_real_pty_fixture[claude-True]" time="9.445" /><testcase classname="tests.test_interactive" name="test_interactive_worker_full_workflow_using_real_pty_fixture[codex-True]" time="8.622" /><testcase classname="tests.test_interactive" name="test_interactive_worker_full_workflow_using_real_pty_fixture[copilot-True]" time="8.472" /><testcase classname="tests.test_interactive" name="test_interactive_worker_full_workflow_using_real_pty_fixture[claude-False]" time="2.617" /><testcase classname="tests.test_interactive" name="test_real_pty_window_size_is_forwarded" time="1.467" /><testcase classname="tests.test_interactive" name="test_interactive_cli_help_exposes_both_modes" time="0.823" /><testcase classname="tests.test_interactive" name="test_actual_terminal_phase_confirmation[continue-True]" time="0.101" /><testcase classname="tests.test_interactive" name="test_actual_terminal_phase_confirmation[stop-False]" time="0.102" /><testcase classname="tests.test_interactive" name="test_real_pty_absolute_watchdog_cannot_be_defeated_by_screen_activity" time="0.306" /><testcase classname="tests.test_interactive" name="test_private_prompt_directory_never_enters_checkpoint" time="0.090" /><testcase classname="tests.test_interactive" name="test_undrained_terminal_cannot_block_supervision_forever" time="2.696" /><testcase classname="tests.test_worker" name="test_complete_offline_vertical_slice_uses_real_git_and_tests" time="4.328" /><testcase classname="tests.test_worker" name="test_separate_maintainer_approval_required" time="4.004" /><testcase classname="tests.test_worker" name="test_green_cannot_change_the_red_tests" time="2.005" /><testcase classname="tests.test_worker" name="test_failing_baseline_does_not_start_harness" time="1.008" /><testcase classname="tests.test_worker" name="test_local_transcript_encrypted_and_replay_idempotent" time="3.852" /><testcase classname="tests.test_worker" name="test_process_idle_timeout_kills_process_group" time="0.306" /><testcase classname="tests.test_worker" name="test_process_cancellation_on_heartbeat_failure" time="0.104" /><testcase classname="tests.test_worker" name="test_process_captures_stdout_stderr_and_exit" time="0.843" /><testcase classname="tests.test_worker" name="test_adapter_contracts_do_not_bypass_permissions[claude]" time="0.000" /><testcase classname="tests.test_worker" name="test_adapter_contracts_do_not_bypass_permissions[codex]" time="0.001" /><testcase classname="tests.test_worker" name="test_adapter_contracts_do_not_bypass_permissions[copilot]" time="0.000" /><testcase classname="tests.test_worker" name="test_claude_usage_caches_are_not_lost_or_double_counted" time="0.000" /><testcase classname="tests.test_worker" name="test_codex_usage_and_unknown_copilot_usage" time="0.000" /><testcase classname="tests.test_worker" name="test_aggregation_retains_partial_lower_bounds_but_not_fictitious_costs" time="0.000" /><testcase classname="tests.test_worker" name="test_harness_environment_excludes_device_and_git_credentials" time="0.000" /><testcase classname="tests.test_worker" name="test_git_checkpoint_rejects_secret_files_and_symlinks" time="0.045" /><testcase classname="tests.test_worker" name="test_spec_and_red_phases_cannot_implement_production_code[spec]" time="1.032" /><testcase classname="tests.test_worker" name="test_spec_and_red_phases_cannot_implement_production_code[red]" time="1.139" /><testcase classname="tests.test_worker" name="test_recursive_test_glob_allows_zero_directory_levels" time="4.498" /><testcase classname="tests.test_worker" name="test_receipt_contains_change_and_verification_metrics_but_no_private_fields" time="0.001" /></testsuite></testsuites>